Arguments: 
  /home/cyb/.nvm/versions/node/v18.16.1/bin/node /home/cyb/.nvm/versions/node/v18.16.1/bin/yarn add @babel/plugin-proposal-private-property-in-object --dev

PATH: 
  /home/cyb/.nvm/versions/node/v18.16.1/bin:/usr/local/sbin:/usr/local/bin:/usr/sbin:/usr/bin:/sbin:/bin:/usr/games:/usr/local/games:/snap/bin

Yarn version: 
  1.22.19

Node version: 
  18.16.1

Platform: 
  linux x64

Trace: 
  Error: https://registry.yarnpkg.com/@babel: Request "https://registry.yarnpkg.com/@babel" returned a 405
      at params.callback [as _callback] (/home/cyb/.nvm/versions/node/v18.16.1/lib/node_modules/yarn/lib/cli.js:66154:18)
      at self.callback (/home/cyb/.nvm/versions/node/v18.16.1/lib/node_modules/yarn/lib/cli.js:140890:22)
      at Request.emit (node:events:513:28)
      at Request.<anonymous> (/home/cyb/.nvm/versions/node/v18.16.1/lib/node_modules/yarn/lib/cli.js:141862:10)
      at Request.emit (node:events:513:28)
      at IncomingMessage.<anonymous> (/home/cyb/.nvm/versions/node/v18.16.1/lib/node_modules/yarn/lib/cli.js:141784:12)
      at Object.onceWrapper (node:events:627:28)
      at IncomingMessage.emit (node:events:525:35)
      at endReadableNT (node:internal/streams/readable:1359:12)
      at process.processTicksAndRejections (node:internal/process/task_queues:82:21)

npm manifest: 
  {
    "name": "my-first-react-app",
    "version": "0.1.0",
    "private": true,
    "dependencies": {
      "@testing-library/jest-dom": "^5.16.5",
      "@testing-library/react": "^13.4.0",
      "@testing-library/user-event": "^13.5.0",
      "react": "^18.2.0",
      "react-dom": "^18.2.0",
      "react-icons": "^4.9.0",
      "react-scripts": "5.0.1",
      "web-vitals": "^2.1.4",
      "@babel": "plugin-proposal-private-property-in-object"
  
    },
    "scripts": {
      "start": "react-scripts start",
      "build": "react-scripts build",
      "test": "react-scripts test",
      "eject": "react-scripts eject"
    },
    "eslintConfig": {
      "extends": [
        "react-app",
        "react-app/jest"
      ]
    },
    "browserslist": {
      "production": [
        ">0.2%",
        "not dead",
        "not op_mini all"
      ],
      "development": [
        "last 1 chrome version",
        "last 1 firefox version",
        "last 1 safari version"
      ]
    }
  }

yarn manifest: 
  No manifest

Lockfile: 
  No lockfile
